<?xml version="1.0" encoding="UTF-8"?>
<testsuite name="Money_transfersKtTest" tests="1" skipped="0" failures="0" errors="0" timestamp="2020-12-13T17:12:20" hostname="USER-PC" time="0.032">
  <properties/>
  <testcase name="feeAmountMir" classname="Money_transfersKtTest" time="0.032"/>
  <system-out><![CDATA[Превышен лимит. Транзакция невозможна
]]></system-out>
  <system-err><![CDATA[]]></system-err>
</testsuite>
